2026-01-03 12:01:33,065 - aqt.main - INFO - installer 8782916672 aqtinstall(aqt) v3.3.0 on Python 3.14.2 [CPython Clang 17.0.0 (clang-1700.4.4.1)]
2026-01-03 12:01:33,065 - aqt.main - WARNING - installer 8782916672 You are installing the MSVC Arm64 version of Qt, which requires that the desktop version of Qt is also installed. You can install it with the following command:
          `aqt install-qt windows desktop 6.7.2 win64_msvc2019_64`
2026-01-03 12:01:33,065 - aqt.helper - DEBUG - helper 8782916672 Attempt to download checksum at https://download.qt.io/online/qtsdkrepository/windows_x86/desktop/qt6_672/Updates.xml.sha256
2026-01-03 12:01:33,918 - aqt.main - ERROR - installer 8782916672 The packages ['qt_base'] were not found while parsing XML of package information!
==============================Suggested follow-up:==============================
* Please use 'aqt list-qt windows desktop --arch 6.7.2' to show architectures available.
2026-01-03 12:02:24,294 - aqt.main - INFO - installer 8782916672 aqtinstall(aqt) v3.3.0 on Python 3.14.2 [CPython Clang 17.0.0 (clang-1700.4.4.1)]
2026-01-03 12:02:24,294 - aqt.helper - DEBUG - helper 8782916672 Attempt to download checksum at https://download.qt.io/online/qtsdkrepository/windows_x86/desktop/qt6_672/Updates.xml.sha256
2026-01-03 12:02:25,591 - aqt.helper - DEBUG - helper 8782916672 Attempt to download checksum at https://download.qt.io/online/qtsdkrepository/windows_x86/desktop/qt6_672/qt.qt6.672.win64_msvc2019_64/6.7.2-0-202406110335qtbase-Windows-Windows_10_22H2-MSVC2019-Windows-Windows_10_22H2-X86_64.7z.sha256
2026-01-03 12:02:25,592 - aqt.helper - DEBUG - helper 8782916672 Attempt to download checksum at https://download.qt.io/online/qtsdkrepository/windows_x86/desktop/qt6_672/qt.qt6.672.win64_msvc2019_64/6.7.2-0-202406110335qtdeclarative-Windows-Windows_10_22H2-MSVC2019-Windows-Windows_10_22H2-X86_64.7z.sha256
2026-01-03 12:02:25,592 - aqt.helper - DEBUG - helper 8782916672 Attempt to download checksum at https://download.qt.io/online/qtsdkrepository/windows_x86/desktop/qt6_672/qt.qt6.672.win64_msvc2019_64/6.7.2-0-202406110335qtsvg-Windows-Windows_10_22H2-MSVC2019-Windows-Windows_10_22H2-X86_64.7z.sha256
2026-01-03 12:02:25,592 - aqt.helper - DEBUG - helper 8782916672 Attempt to download checksum at https://download.qt.io/online/qtsdkrepository/windows_x86/desktop/qt6_672/qt.qt6.672.win64_msvc2019_64/6.7.2-0-202406110335qttools-Windows-Windows_10_22H2-MSVC2019-Windows-Windows_10_22H2-X86_64.7z.sha256
2026-01-03 12:02:25,957 - aqt.helper - INFO - helper 8782916672 Downloading qtbase...
2026-01-03 12:02:25,957 - aqt.helper - INFO - helper 8782916672 Downloading qtsvg...
2026-01-03 12:02:25,958 - aqt.helper - INFO - helper 8782916672 Downloading qttools...
2026-01-03 12:02:25,958 - aqt.helper - INFO - helper 8782916672 Downloading qtdeclarative...
2026-01-03 12:02:25,958 - aqt.installer - DEBUG - installer 8782916672 Download URL: https://download.qt.io/online/qtsdkrepository/windows_x86/desktop/qt6_672/qt.qt6.672.win64_msvc2019_64/6.7.2-0-202406110335qtbase-Windows-Windows_10_22H2-MSVC2019-Windows-Windows_10_22H2-X86_64.7z
2026-01-03 12:02:25,958 - aqt.installer - DEBUG - installer 8782916672 Download URL: https://download.qt.io/online/qtsdkrepository/windows_x86/desktop/qt6_672/qt.qt6.672.win64_msvc2019_64/6.7.2-0-202406110335qtsvg-Windows-Windows_10_22H2-MSVC2019-Windows-Windows_10_22H2-X86_64.7z
2026-01-03 12:02:25,958 - aqt.installer - DEBUG - installer 8782916672 Download URL: https://download.qt.io/online/qtsdkrepository/windows_x86/desktop/qt6_672/qt.qt6.672.win64_msvc2019_64/6.7.2-0-202406110335qtdeclarative-Windows-Windows_10_22H2-MSVC2019-Windows-Windows_10_22H2-X86_64.7z
2026-01-03 12:02:25,958 - aqt.installer - DEBUG - installer 8782916672 Download URL: https://download.qt.io/online/qtsdkrepository/windows_x86/desktop/qt6_672/qt.qt6.672.win64_msvc2019_64/6.7.2-0-202406110335qttools-Windows-Windows_10_22H2-MSVC2019-Windows-Windows_10_22H2-X86_64.7z
2026-01-03 12:02:26,319 - aqt.helper - DEBUG - helper 8782916672 Asked to redirect(302) to: https://mirrors.20i.com/pub/qt.io/online/qtsdkrepository/windows_x86/desktop/qt6_672/qt.qt6.672.win64_msvc2019_64/6.7.2-0-202406110335qtdeclarative-Windows-Windows_10_22H2-MSVC2019-Windows-Windows_10_22H2-X86_64.7z
2026-01-03 12:02:26,319 - aqt.helper - INFO - helper 8782916672 Redirected: mirrors.20i.com
2026-01-03 12:02:26,324 - aqt.helper - DEBUG - helper 8782916672 Asked to redirect(302) to: https://mirrors.20i.com/pub/qt.io/online/qtsdkrepository/windows_x86/desktop/qt6_672/qt.qt6.672.win64_msvc2019_64/6.7.2-0-202406110335qtbase-Windows-Windows_10_22H2-MSVC2019-Windows-Windows_10_22H2-X86_64.7z
2026-01-03 12:02:26,324 - aqt.helper - INFO - helper 8782916672 Redirected: mirrors.20i.com
2026-01-03 12:02:26,324 - aqt.helper - DEBUG - helper 8782916672 Asked to redirect(302) to: https://mirrors.20i.com/pub/qt.io/online/qtsdkrepository/windows_x86/desktop/qt6_672/qt.qt6.672.win64_msvc2019_64/6.7.2-0-202406110335qttools-Windows-Windows_10_22H2-MSVC2019-Windows-Windows_10_22H2-X86_64.7z
2026-01-03 12:02:26,324 - aqt.helper - DEBUG - helper 8782916672 Asked to redirect(302) to: https://mirrors.20i.com/pub/qt.io/online/qtsdkrepository/windows_x86/desktop/qt6_672/qt.qt6.672.win64_msvc2019_64/6.7.2-0-202406110335qtsvg-Windows-Windows_10_22H2-MSVC2019-Windows-Windows_10_22H2-X86_64.7z
2026-01-03 12:02:26,324 - aqt.helper - INFO - helper 8782916672 Redirected: mirrors.20i.com
2026-01-03 12:02:26,325 - aqt.helper - INFO - helper 8782916672 Redirected: mirrors.20i.com
2026-01-03 12:02:28,936 - aqt.installer - INFO - installer 8782916672 Finished installation of qtsvg-Windows-Windows_10_22H2-MSVC2019-Windows-Windows_10_22H2-X86_64.7z in 3.34571192
2026-01-03 12:02:28,944 - aqt.helper - DEBUG - helper 8782916672 Attempt to download checksum at https://download.qt.io/online/qtsdkrepository/windows_x86/desktop/qt6_672/qt.qt6.672.win64_msvc2019_64/6.7.2-0-202406110335qttranslations-Windows-Windows_10_22H2-MSVC2019-Windows-Windows_10_22H2-X86_64.7z.sha256
2026-01-03 12:02:29,357 - aqt.helper - INFO - helper 8782916672 Downloading qttranslations...
2026-01-03 12:02:29,358 - aqt.installer - DEBUG - installer 8782916672 Download URL: https://download.qt.io/online/qtsdkrepository/windows_x86/desktop/qt6_672/qt.qt6.672.win64_msvc2019_64/6.7.2-0-202406110335qttranslations-Windows-Windows_10_22H2-MSVC2019-Windows-Windows_10_22H2-X86_64.7z
2026-01-03 12:02:29,714 - aqt.helper - DEBUG - helper 8782916672 Asked to redirect(302) to: https://mirrors.20i.com/pub/qt.io/online/qtsdkrepository/windows_x86/desktop/qt6_672/qt.qt6.672.win64_msvc2019_64/6.7.2-0-202406110335qttranslations-Windows-Windows_10_22H2-MSVC2019-Windows-Windows_10_22H2-X86_64.7z
2026-01-03 12:02:29,715 - aqt.helper - INFO - helper 8782916672 Redirected: mirrors.20i.com
2026-01-03 12:02:32,286 - aqt.installer - INFO - installer 8782916672 Finished installation of qttranslations-Windows-Windows_10_22H2-MSVC2019-Windows-Windows_10_22H2-X86_64.7z in 3.34260483
2026-01-03 12:02:32,293 - aqt.helper - DEBUG - helper 8782916672 Attempt to download checksum at https://download.qt.io/online/qtsdkrepository/windows_x86/desktop/qt6_672/qt.qt6.672.win64_msvc2019_64/6.7.2-0-202406110335d3dcompiler_47-x64.7z.sha256
2026-01-03 12:02:32,639 - aqt.helper - INFO - helper 8782916672 Downloading d3dcompiler_47...
2026-01-03 12:02:32,639 - aqt.installer - DEBUG - installer 8782916672 Download URL: https://download.qt.io/online/qtsdkrepository/windows_x86/desktop/qt6_672/qt.qt6.672.win64_msvc2019_64/6.7.2-0-202406110335d3dcompiler_47-x64.7z
2026-01-03 12:02:33,023 - aqt.helper - DEBUG - helper 8782916672 Asked to redirect(302) to: https://mirrors.20i.com/pub/qt.io/online/qtsdkrepository/windows_x86/desktop/qt6_672/qt.qt6.672.win64_msvc2019_64/6.7.2-0-202406110335d3dcompiler_47-x64.7z
2026-01-03 12:02:33,023 - aqt.helper - INFO - helper 8782916672 Redirected: mirrors.20i.com
2026-01-03 12:02:34,652 - aqt.installer - INFO - installer 8782916672 Finished installation of d3dcompiler_47-x64.7z in 2.36052167
2026-01-03 12:02:34,659 - aqt.helper - DEBUG - helper 8782916672 Attempt to download checksum at https://download.qt.io/online/qtsdkrepository/windows_x86/desktop/qt6_672/qt.qt6.672.win64_msvc2019_64/6.7.2-0-202406110335opengl32sw-64-mesa_11_2_2-signed_sha256.7z.sha256
2026-01-03 12:02:47,843 - aqt.installer - INFO - installer 8782916672 Finished installation of qtbase-Windows-Windows_10_22H2-MSVC2019-Windows-Windows_10_22H2-X86_64.7z in 22.25399125
2026-01-03 12:02:51,954 - aqt.installer - INFO - installer 8782916672 Finished installation of qttools-Windows-Windows_10_22H2-MSVC2019-Windows-Windows_10_22H2-X86_64.7z in 26.36300192
2026-01-03 12:03:05,257 - aqt.helper - INFO - helper 8782916672 Downloading opengl32sw...
2026-01-03 12:03:05,257 - aqt.installer - DEBUG - installer 8782916672 Download URL: https://download.qt.io/online/qtsdkrepository/windows_x86/desktop/qt6_672/qt.qt6.672.win64_msvc2019_64/6.7.2-0-202406110335opengl32sw-64-mesa_11_2_2-signed_sha256.7z
2026-01-03 12:03:05,597 - aqt.helper - DEBUG - helper 8782916672 Asked to redirect(302) to: https://mirrors.20i.com/pub/qt.io/online/qtsdkrepository/windows_x86/desktop/qt6_672/qt.qt6.672.win64_msvc2019_64/6.7.2-0-202406110335opengl32sw-64-mesa_11_2_2-signed_sha256.7z
2026-01-03 12:03:05,597 - aqt.helper - INFO - helper 8782916672 Redirected: mirrors.20i.com
2026-01-03 12:03:07,085 - aqt.installer - INFO - installer 8782916672 Finished installation of opengl32sw-64-mesa_11_2_2-signed_sha256.7z in 32.42685575
2026-01-03 12:03:08,871 - aqt.installer - INFO - installer 8782916672 Finished installation of qtdeclarative-Windows-Windows_10_22H2-MSVC2019-Windows-Windows_10_22H2-X86_64.7z in 43.27977221
2026-01-03 12:03:08,978 - aqt.updater - INFO - updater 8782916672 Patching /Users/pedro/Qt6/6.7.2/msvc2019_64/lib/Qt6QuickControls2Imagine.prl
2026-01-03 12:03:08,979 - aqt.updater - INFO - updater 8782916672 Patching /Users/pedro/Qt6/6.7.2/msvc2019_64/lib/Qt6FbSupportd.prl
2026-01-03 12:03:08,979 - aqt.updater - INFO - updater 8782916672 Patching /Users/pedro/Qt6/6.7.2/msvc2019_64/lib/Qt6Cored.prl
2026-01-03 12:03:08,979 - aqt.updater - INFO - updater 8782916672 Patching /Users/pedro/Qt6/6.7.2/msvc2019_64/lib/Qt6Xml.prl
2026-01-03 12:03:08,979 - aqt.updater - INFO - updater 8782916672 Patching /Users/pedro/Qt6/6.7.2/msvc2019_64/lib/Qt6Guid.prl
2026-01-03 12:03:08,980 - aqt.updater - INFO - updater 8782916672 Patching /Users/pedro/Qt6/6.7.2/msvc2019_64/lib/Qt6DesignerComponents.prl
2026-01-03 12:03:08,980 - aqt.updater - INFO - updater 8782916672 Patching /Users/pedro/Qt6/6.7.2/msvc2019_64/lib/Qt6QuickTestUtilsd.prl
2026-01-03 12:03:08,980 - aqt.updater - INFO - updater 8782916672 Patching /Users/pedro/Qt6/6.7.2/msvc2019_64/lib/Qt6Quick.prl
2026-01-03 12:03:08,980 - aqt.updater - INFO - updater 8782916672 Patching /Users/pedro/Qt6/6.7.2/msvc2019_64/lib/Qt6PrintSupport.prl
2026-01-03 12:03:08,980 - aqt.updater - INFO - updater 8782916672 Patching /Users/pedro/Qt6/6.7.2/msvc2019_64/lib/Qt6LabsSharedImaged.prl
2026-01-03 12:03:08,981 - aqt.updater - INFO - updater 8782916672 Patching /Users/pedro/Qt6/6.7.2/msvc2019_64/lib/Qt6QmlToolingSettingsd.prl
2026-01-03 12:03:08,981 - aqt.updater - INFO - updater 8782916672 Patching /Users/pedro/Qt6/6.7.2/msvc2019_64/lib/Qt6Widgetsd.prl
2026-01-03 12:03:08,981 - aqt.updater - INFO - updater 8782916672 Patching /Users/pedro/Qt6/6.7.2/msvc2019_64/lib/Qt6QuickControls2Basic.prl
2026-01-03 12:03:08,981 - aqt.updater - INFO - updater 8782916672 Patching /Users/pedro/Qt6/6.7.2/msvc2019_64/lib/Qt6LabsWavefrontMesh.prl
2026-01-03 12:03:08,982 - aqt.updater - INFO - updater 8782916672 Patching /Users/pedro/Qt6/6.7.2/msvc2019_64/lib/Qt6QuickDialogs2d.prl
2026-01-03 12:03:08,982 - aqt.updater - INFO - updater 8782916672 Patching /Users/pedro/Qt6/6.7.2/msvc2019_64/lib/Qt6LabsSettings.prl
2026-01-03 12:03:08,982 - aqt.updater - INFO - updater 8782916672 Patching /Users/pedro/Qt6/6.7.2/msvc2019_64/lib/Qt6Gui.prl
2026-01-03 12:03:08,982 - aqt.updater - INFO - updater 8782916672 Patching /Users/pedro/Qt6/6.7.2/msvc2019_64/lib/Qt6Concurrent.prl
2026-01-03 12:03:08,982 - aqt.updater - INFO - updater 8782916672 Patching /Users/pedro/Qt6/6.7.2/msvc2019_64/lib/Qt6PacketProtocol.prl
2026-01-03 12:03:08,983 - aqt.updater - INFO - updater 8782916672 Patching /Users/pedro/Qt6/6.7.2/msvc2019_64/lib/Qt6QuickControls2FusionStyleImpld.prl
2026-01-03 12:03:08,983 - aqt.updater - INFO - updater 8782916672 Patching /Users/pedro/Qt6/6.7.2/msvc2019_64/lib/Qt6QmlToolingSettings.prl
2026-01-03 12:03:08,983 - aqt.updater - INFO - updater 8782916672 Patching /Users/pedro/Qt6/6.7.2/msvc2019_64/lib/Qt6QuickWidgets.prl
2026-01-03 12:03:08,983 - aqt.updater - INFO - updater 8782916672 Patching /Users/pedro/Qt6/6.7.2/msvc2019_64/lib/Qt6QmlModelsd.prl
2026-01-03 12:03:08,983 - aqt.updater - INFO - updater 8782916672 Patching /Users/pedro/Qt6/6.7.2/msvc2019_64/lib/Qt6Xmld.prl
2026-01-03 12:03:08,983 - aqt.updater - INFO - updater 8782916672 Patching /Users/pedro/Qt6/6.7.2/msvc2019_64/lib/Qt6QuickControls2Impl.prl
2026-01-03 12:03:08,984 - aqt.updater - INFO - updater 8782916672 Patching /Users/pedro/Qt6/6.7.2/msvc2019_64/lib/Qt6QmlWorkerScript.prl
2026-01-03 12:03:08,984 - aqt.updater - INFO - updater 8782916672 Patching /Users/pedro/Qt6/6.7.2/msvc2019_64/lib/Qt6Sql.prl
2026-01-03 12:03:08,984 - aqt.updater - INFO - updater 8782916672 Patching /Users/pedro/Qt6/6.7.2/msvc2019_64/lib/Qt6Designerd.prl
2026-01-03 12:03:08,984 - aqt.updater - INFO - updater 8782916672 Patching /Users/pedro/Qt6/6.7.2/msvc2019_64/lib/Qt6QuickControlsTestUtilsd.prl
2026-01-03 12:03:08,984 - aqt.updater - INFO - updater 8782916672 Patching /Users/pedro/Qt6/6.7.2/msvc2019_64/lib/Qt6QuickControls2Fusiond.prl
2026-01-03 12:03:08,985 - aqt.updater - INFO - updater 8782916672 Patching /Users/pedro/Qt6/6.7.2/msvc2019_64/lib/Qt6QuickControls2Materiald.prl
2026-01-03 12:03:08,985 - aqt.updater - INFO - updater 8782916672 Patching /Users/pedro/Qt6/6.7.2/msvc2019_64/lib/Qt6QuickControls2FusionStyleImpl.prl
2026-01-03 12:03:08,985 - aqt.updater - INFO - updater 8782916672 Patching /Users/pedro/Qt6/6.7.2/msvc2019_64/lib/Qt6Helpd.prl
2026-01-03 12:03:08,985 - aqt.updater - INFO - updater 8782916672 Patching /Users/pedro/Qt6/6.7.2/msvc2019_64/lib/Qt6QmlTypeRegistrard.prl
2026-01-03 12:03:08,985 - aqt.updater - INFO - updater 8782916672 Patching /Users/pedro/Qt6/6.7.2/msvc2019_64/lib/Qt6QuickParticles.prl
2026-01-03 12:03:08,985 - aqt.updater - INFO - updater 8782916672 Patching /Users/pedro/Qt6/6.7.2/msvc2019_64/lib/Qt6LabsFolderListModeld.prl
2026-01-03 12:03:08,985 - aqt.updater - INFO - updater 8782916672 Patching /Users/pedro/Qt6/6.7.2/msvc2019_64/lib/Qt6QuickControls2.prl
2026-01-03 12:03:08,986 - aqt.updater - INFO - updater 8782916672 Patching /Users/pedro/Qt6/6.7.2/msvc2019_64/lib/Qt6QmlDom.prl
2026-01-03 12:03:08,986 - aqt.updater - INFO - updater 8782916672 Patching /Users/pedro/Qt6/6.7.2/msvc2019_64/lib/Qt6QuickControls2UniversalStyleImpld.prl
2026-01-03 12:03:08,986 - aqt.updater - INFO - updater 8782916672 Patching /Users/pedro/Qt6/6.7.2/msvc2019_64/lib/Qt6QuickControls2ImagineStyleImpl.prl
2026-01-03 12:03:08,986 - aqt.updater - INFO - updater 8782916672 Patching /Users/pedro/Qt6/6.7.2/msvc2019_64/lib/Qt6Quickd.prl
2026-01-03 12:03:08,986 - aqt.updater - INFO - updater 8782916672 Patching /Users/pedro/Qt6/6.7.2/msvc2019_64/lib/Qt6QuickDialogs2QuickImpld.prl
2026-01-03 12:03:08,987 - aqt.updater - INFO - updater 8782916672 Patching /Users/pedro/Qt6/6.7.2/msvc2019_64/lib/Qt6QuickTestd.prl
2026-01-03 12:03:08,987 - aqt.updater - INFO - updater 8782916672 Patching /Users/pedro/Qt6/6.7.2/msvc2019_64/lib/Qt6QmlCore.prl
2026-01-03 12:03:08,987 - aqt.updater - INFO - updater 8782916672 Patching /Users/pedro/Qt6/6.7.2/msvc2019_64/lib/Qt6Networkd.prl
2026-01-03 12:03:08,987 - aqt.updater - INFO - updater 8782916672 Patching /Users/pedro/Qt6/6.7.2/msvc2019_64/lib/Qt6QuickDialogs2QuickImpl.prl
2026-01-03 12:03:08,987 - aqt.updater - INFO - updater 8782916672 Patching /Users/pedro/Qt6/6.7.2/msvc2019_64/lib/Qt6PacketProtocold.prl
2026-01-03 12:03:08,988 - aqt.updater - INFO - updater 8782916672 Patching /Users/pedro/Qt6/6.7.2/msvc2019_64/lib/Qt6Widgets.prl
2026-01-03 12:03:08,988 - aqt.updater - INFO - updater 8782916672 Patching /Users/pedro/Qt6/6.7.2/msvc2019_64/lib/Qt6QmlWorkerScriptd.prl
2026-01-03 12:03:08,988 - aqt.updater - INFO - updater 8782916672 Patching /Users/pedro/Qt6/6.7.2/msvc2019_64/lib/Qt6OpenGLWidgets.prl
2026-01-03 12:03:08,988 - aqt.updater - INFO - updater 8782916672 Patching /Users/pedro/Qt6/6.7.2/msvc2019_64/lib/Qt6QuickDialogs2Utilsd.prl
2026-01-03 12:03:08,988 - aqt.updater - INFO - updater 8782916672 Patching /Users/pedro/Qt6/6.7.2/msvc2019_64/lib/Qt6QuickControls2Universald.prl
2026-01-03 12:03:08,989 - aqt.updater - INFO - updater 8782916672 Patching /Users/pedro/Qt6/6.7.2/msvc2019_64/lib/Qt6QmlLocalStorage.prl
2026-01-03 12:03:08,990 - aqt.updater - INFO - updater 8782916672 Patching /Users/pedro/Qt6/6.7.2/msvc2019_64/lib/Qt6QuickTemplates2d.prl
2026-01-03 12:03:08,990 - aqt.updater - INFO - updater 8782916672 Patching /Users/pedro/Qt6/6.7.2/msvc2019_64/lib/Qt6QmlLS.prl
2026-01-03 12:03:08,991 - aqt.updater - INFO - updater 8782916672 Patching /Users/pedro/Qt6/6.7.2/msvc2019_64/lib/Qt6QuickControls2Material.prl
2026-01-03 12:03:08,991 - aqt.updater - INFO - updater 8782916672 Patching /Users/pedro/Qt6/6.7.2/msvc2019_64/lib/Qt6QuickControls2WindowsStyleImpl.prl
2026-01-03 12:03:08,991 - aqt.updater - INFO - updater 8782916672 Patching /Users/pedro/Qt6/6.7.2/msvc2019_64/lib/Qt6LabsSharedImage.prl
2026-01-03 12:03:08,991 - aqt.updater - INFO - updater 8782916672 Patching /Users/pedro/Qt6/6.7.2/msvc2019_64/lib/Qt6QuickControls2Imagined.prl
2026-01-03 12:03:08,991 - aqt.updater - INFO - updater 8782916672 Patching /Users/pedro/Qt6/6.7.2/msvc2019_64/lib/Qt6QuickParticlesd.prl
2026-01-03 12:03:08,991 - aqt.updater - INFO - updater 8782916672 Patching /Users/pedro/Qt6/6.7.2/msvc2019_64/lib/Qt6QuickEffectsd.prl
2026-01-03 12:03:08,991 - aqt.updater - INFO - updater 8782916672 Patching /Users/pedro/Qt6/6.7.2/msvc2019_64/lib/Qt6SvgWidgetsd.prl
2026-01-03 12:03:08,992 - aqt.updater - INFO - updater 8782916672 Patching /Users/pedro/Qt6/6.7.2/msvc2019_64/lib/Qt6QuickTestUtils.prl
2026-01-03 12:03:08,992 - aqt.updater - INFO - updater 8782916672 Patching /Users/pedro/Qt6/6.7.2/msvc2019_64/lib/Qt6QmlDebug.prl
2026-01-03 12:03:08,992 - aqt.updater - INFO - updater 8782916672 Patching /Users/pedro/Qt6/6.7.2/msvc2019_64/lib/Qt6Sqld.prl
2026-01-03 12:03:08,992 - aqt.updater - INFO - updater 8782916672 Patching /Users/pedro/Qt6/6.7.2/msvc2019_64/lib/Qt6EntryPointd.prl
2026-01-03 12:03:08,992 - aqt.updater - INFO - updater 8782916672 Patching /Users/pedro/Qt6/6.7.2/msvc2019_64/lib/Qt6DesignerComponentsd.prl
2026-01-03 12:03:08,992 - aqt.updater - INFO - updater 8782916672 Patching /Users/pedro/Qt6/6.7.2/msvc2019_64/lib/Qt6Help.prl
2026-01-03 12:03:08,993 - aqt.updater - INFO - updater 8782916672 Patching /Users/pedro/Qt6/6.7.2/msvc2019_64/lib/Qt6QuickLayouts.prl
2026-01-03 12:03:08,993 - aqt.updater - INFO - updater 8782916672 Patching /Users/pedro/Qt6/6.7.2/msvc2019_64/lib/Qt6QmlBuiltins.prl
2026-01-03 12:03:08,993 - aqt.updater - INFO - updater 8782916672 Patching /Users/pedro/Qt6/6.7.2/msvc2019_64/lib/Qt6QuickTemplates2.prl
2026-01-03 12:03:08,993 - aqt.updater - INFO - updater 8782916672 Patching /Users/pedro/Qt6/6.7.2/msvc2019_64/lib/Qt6QuickControls2Basicd.prl
2026-01-03 12:03:08,993 - aqt.updater - INFO - updater 8782916672 Patching /Users/pedro/Qt6/6.7.2/msvc2019_64/lib/Qt6DBusd.prl
2026-01-03 12:03:08,993 - aqt.updater - INFO - updater 8782916672 Patching /Users/pedro/Qt6/6.7.2/msvc2019_64/lib/Qt6QuickControls2UniversalStyleImpl.prl
2026-01-03 12:03:08,994 - aqt.updater - INFO - updater 8782916672 Patching /Users/pedro/Qt6/6.7.2/msvc2019_64/lib/Qt6QmlTypeRegistrar.prl
2026-01-03 12:03:08,994 - aqt.updater - INFO - updater 8782916672 Patching /Users/pedro/Qt6/6.7.2/msvc2019_64/lib/Qt6QmlCored.prl
2026-01-03 12:03:08,994 - aqt.updater - INFO - updater 8782916672 Patching /Users/pedro/Qt6/6.7.2/msvc2019_64/lib/Qt6Svgd.prl
2026-01-03 12:03:08,994 - aqt.updater - INFO - updater 8782916672 Patching /Users/pedro/Qt6/6.7.2/msvc2019_64/lib/Qt6Svg.prl
2026-01-03 12:03:08,994 - aqt.updater - INFO - updater 8782916672 Patching /Users/pedro/Qt6/6.7.2/msvc2019_64/lib/Qt6UiTools.prl
2026-01-03 12:03:08,994 - aqt.updater - INFO - updater 8782916672 Patching /Users/pedro/Qt6/6.7.2/msvc2019_64/lib/Qt6QuickControls2BasicStyleImpl.prl
2026-01-03 12:03:08,994 - aqt.updater - INFO - updater 8782916672 Patching /Users/pedro/Qt6/6.7.2/msvc2019_64/lib/Qt6QmlXmlListModel.prl
2026-01-03 12:03:08,995 - aqt.updater - INFO - updater 8782916672 Patching /Users/pedro/Qt6/6.7.2/msvc2019_64/lib/Qt6Test.prl
2026-01-03 12:03:08,995 - aqt.updater - INFO - updater 8782916672 Patching /Users/pedro/Qt6/6.7.2/msvc2019_64/lib/Qt6ExampleIconsd.prl
2026-01-03 12:03:08,995 - aqt.updater - INFO - updater 8782916672 Patching /Users/pedro/Qt6/6.7.2/msvc2019_64/lib/Qt6QmlDebugd.prl
2026-01-03 12:03:08,995 - aqt.updater - INFO - updater 8782916672 Patching /Users/pedro/Qt6/6.7.2/msvc2019_64/lib/Qt6EntryPoint.prl
2026-01-03 12:03:08,995 - aqt.updater - INFO - updater 8782916672 Patching /Users/pedro/Qt6/6.7.2/msvc2019_64/lib/Qt6QmlCompiler.prl
2026-01-03 12:03:08,996 - aqt.updater - INFO - updater 8782916672 Patching /Users/pedro/Qt6/6.7.2/msvc2019_64/lib/Qt6UiToolsd.prl
2026-01-03 12:03:08,996 - aqt.updater - INFO - updater 8782916672 Patching /Users/pedro/Qt6/6.7.2/msvc2019_64/lib/Qt6QmlCompilerd.prl
2026-01-03 12:03:08,996 - aqt.updater - INFO - updater 8782916672 Patching /Users/pedro/Qt6/6.7.2/msvc2019_64/lib/Qt6Qml.prl
2026-01-03 12:03:08,996 - aqt.updater - INFO - updater 8782916672 Patching /Users/pedro/Qt6/6.7.2/msvc2019_64/lib/Qt6QuickShapesd.prl
2026-01-03 12:03:08,996 - aqt.updater - INFO - updater 8782916672 Patching /Users/pedro/Qt6/6.7.2/msvc2019_64/lib/Qt6PrintSupportd.prl
2026-01-03 12:03:08,996 - aqt.updater - INFO - updater 8782916672 Patching /Users/pedro/Qt6/6.7.2/msvc2019_64/lib/Qt6SvgWidgets.prl
2026-01-03 12:03:08,997 - aqt.updater - INFO - updater 8782916672 Patching /Users/pedro/Qt6/6.7.2/msvc2019_64/lib/Qt6QuickControls2WindowsStyleImpld.prl
2026-01-03 12:03:08,997 - aqt.updater - INFO - updater 8782916672 Patching /Users/pedro/Qt6/6.7.2/msvc2019_64/lib/Qt6QuickControls2Fusion.prl
2026-01-03 12:03:08,997 - aqt.updater - INFO - updater 8782916672 Patching /Users/pedro/Qt6/6.7.2/msvc2019_64/lib/Qt6QuickControls2Impld.prl
2026-01-03 12:03:08,997 - aqt.updater - INFO - updater 8782916672 Patching /Users/pedro/Qt6/6.7.2/msvc2019_64/lib/Qt6QuickControls2BasicStyleImpld.prl
2026-01-03 12:03:08,997 - aqt.updater - INFO - updater 8782916672 Patching /Users/pedro/Qt6/6.7.2/msvc2019_64/lib/Qt6LabsAnimation.prl
2026-01-03 12:03:08,998 - aqt.updater - INFO - updater 8782916672 Patching /Users/pedro/Qt6/6.7.2/msvc2019_64/lib/Qt6Network.prl
2026-01-03 12:03:08,998 - aqt.updater - INFO - updater 8782916672 Patching /Users/pedro/Qt6/6.7.2/msvc2019_64/lib/Qt6OpenGLWidgetsd.prl
2026-01-03 12:03:08,998 - aqt.updater - INFO - updater 8782916672 Patching /Users/pedro/Qt6/6.7.2/msvc2019_64/lib/Qt6LabsWavefrontMeshd.prl
2026-01-03 12:03:08,998 - aqt.updater - INFO - updater 8782916672 Patching /Users/pedro/Qt6/6.7.2/msvc2019_64/lib/Qt6Qmld.prl
2026-01-03 12:03:08,998 - aqt.updater - INFO - updater 8782916672 Patching /Users/pedro/Qt6/6.7.2/msvc2019_64/lib/Qt6QuickDialogs2Utils.prl
2026-01-03 12:03:08,998 - aqt.updater - INFO - updater 8782916672 Patching /Users/pedro/Qt6/6.7.2/msvc2019_64/lib/Qt6QuickControlsTestUtils.prl
2026-01-03 12:03:08,998 - aqt.updater - INFO - updater 8782916672 Patching /Users/pedro/Qt6/6.7.2/msvc2019_64/lib/Qt6FbSupport.prl
2026-01-03 12:03:08,999 - aqt.updater - INFO - updater 8782916672 Patching /Users/pedro/Qt6/6.7.2/msvc2019_64/lib/Qt6QuickControls2MaterialStyleImpld.prl
2026-01-03 12:03:08,999 - aqt.updater - INFO - updater 8782916672 Patching /Users/pedro/Qt6/6.7.2/msvc2019_64/lib/Qt6DeviceDiscoverySupport.prl
2026-01-03 12:03:08,999 - aqt.updater - INFO - updater 8782916672 Patching /Users/pedro/Qt6/6.7.2/msvc2019_64/lib/Qt6QmlNetworkd.prl
2026-01-03 12:03:08,999 - aqt.updater - INFO - updater 8782916672 Patching /Users/pedro/Qt6/6.7.2/msvc2019_64/lib/Qt6Concurrentd.prl
2026-01-03 12:03:08,999 - aqt.updater - INFO - updater 8782916672 Patching /Users/pedro/Qt6/6.7.2/msvc2019_64/lib/Qt6QuickLayoutsd.prl
2026-01-03 12:03:08,999 - aqt.updater - INFO - updater 8782916672 Patching /Users/pedro/Qt6/6.7.2/msvc2019_64/lib/Qt6OpenGLd.prl
2026-01-03 12:03:08,999 - aqt.updater - INFO - updater 8782916672 Patching /Users/pedro/Qt6/6.7.2/msvc2019_64/lib/Qt6Designer.prl
2026-01-03 12:03:09,000 - aqt.updater - INFO - updater 8782916672 Patching /Users/pedro/Qt6/6.7.2/msvc2019_64/lib/Qt6QmlModels.prl
2026-01-03 12:03:09,000 - aqt.updater - INFO - updater 8782916672 Patching /Users/pedro/Qt6/6.7.2/msvc2019_64/lib/Qt6QuickWidgetsd.prl
2026-01-03 12:03:09,000 - aqt.updater - INFO - updater 8782916672 Patching /Users/pedro/Qt6/6.7.2/msvc2019_64/lib/Qt6QmlNetwork.prl
2026-01-03 12:03:09,000 - aqt.updater - INFO - updater 8782916672 Patching /Users/pedro/Qt6/6.7.2/msvc2019_64/lib/Qt6LabsFolderListModel.prl
2026-01-03 12:03:09,000 - aqt.updater - INFO - updater 8782916672 Patching /Users/pedro/Qt6/6.7.2/msvc2019_64/lib/Qt6LabsQmlModelsd.prl
2026-01-03 12:03:09,000 - aqt.updater - INFO - updater 8782916672 Patching /Users/pedro/Qt6/6.7.2/msvc2019_64/lib/Qt6LabsQmlModels.prl
2026-01-03 12:03:09,000 - aqt.updater - INFO - updater 8782916672 Patching /Users/pedro/Qt6/6.7.2/msvc2019_64/lib/Qt6QmlLocalStoraged.prl
2026-01-03 12:03:09,001 - aqt.updater - INFO - updater 8782916672 Patching /Users/pedro/Qt6/6.7.2/msvc2019_64/lib/Qt6QuickControls2d.prl
2026-01-03 12:03:09,001 - aqt.updater - INFO - updater 8782916672 Patching /Users/pedro/Qt6/6.7.2/msvc2019_64/lib/Qt6QuickControls2ImagineStyleImpld.prl
2026-01-03 12:03:09,001 - aqt.updater - INFO - updater 8782916672 Patching /Users/pedro/Qt6/6.7.2/msvc2019_64/lib/Qt6QmlXmlListModeld.prl
2026-01-03 12:03:09,001 - aqt.updater - INFO - updater 8782916672 Patching /Users/pedro/Qt6/6.7.2/msvc2019_64/lib/Qt6QmlDomd.prl
2026-01-03 12:03:09,001 - aqt.updater - INFO - updater 8782916672 Patching /Users/pedro/Qt6/6.7.2/msvc2019_64/lib/Qt6QuickControls2MaterialStyleImpl.prl
2026-01-03 12:03:09,001 - aqt.updater - INFO - updater 8782916672 Patching /Users/pedro/Qt6/6.7.2/msvc2019_64/lib/Qt6LabsSettingsd.prl
2026-01-03 12:03:09,001 - aqt.updater - INFO - updater 8782916672 Patching /Users/pedro/Qt6/6.7.2/msvc2019_64/lib/Qt6DeviceDiscoverySupportd.prl
2026-01-03 12:03:09,002 - aqt.updater - INFO - updater 8782916672 Patching /Users/pedro/Qt6/6.7.2/msvc2019_64/lib/Qt6ExampleIcons.prl
2026-01-03 12:03:09,002 - aqt.updater - INFO - updater 8782916672 Patching /Users/pedro/Qt6/6.7.2/msvc2019_64/lib/Qt6QuickControls2Universal.prl
2026-01-03 12:03:09,002 - aqt.updater - INFO - updater 8782916672 Patching /Users/pedro/Qt6/6.7.2/msvc2019_64/lib/Qt6OpenGL.prl
2026-01-03 12:03:09,002 - aqt.updater - INFO - updater 8782916672 Patching /Users/pedro/Qt6/6.7.2/msvc2019_64/lib/Qt6QuickEffects.prl
2026-01-03 12:03:09,002 - aqt.updater - INFO - updater 8782916672 Patching /Users/pedro/Qt6/6.7.2/msvc2019_64/lib/Qt6QuickTest.prl
2026-01-03 12:03:09,002 - aqt.updater - INFO - updater 8782916672 Patching /Users/pedro/Qt6/6.7.2/msvc2019_64/lib/Qt6QmlLSd.prl
2026-01-03 12:03:09,003 - aqt.updater - INFO - updater 8782916672 Patching /Users/pedro/Qt6/6.7.2/msvc2019_64/lib/Qt6LabsAnimationd.prl
2026-01-03 12:03:09,003 - aqt.updater - INFO - updater 8782916672 Patching /Users/pedro/Qt6/6.7.2/msvc2019_64/lib/Qt6QuickShapes.prl
2026-01-03 12:03:09,003 - aqt.updater - INFO - updater 8782916672 Patching /Users/pedro/Qt6/6.7.2/msvc2019_64/lib/Qt6QuickDialogs2.prl
2026-01-03 12:03:09,003 - aqt.updater - INFO - updater 8782916672 Patching /Users/pedro/Qt6/6.7.2/msvc2019_64/lib/Qt6Core.prl
2026-01-03 12:03:09,003 - aqt.updater - INFO - updater 8782916672 Patching /Users/pedro/Qt6/6.7.2/msvc2019_64/lib/Qt6QmlBuiltinsd.prl
2026-01-03 12:03:09,003 - aqt.updater - INFO - updater 8782916672 Patching /Users/pedro/Qt6/6.7.2/msvc2019_64/lib/Qt6DBus.prl
2026-01-03 12:03:09,003 - aqt.updater - INFO - updater 8782916672 Patching /Users/pedro/Qt6/6.7.2/msvc2019_64/lib/Qt6Testd.prl
2026-01-03 12:03:09,004 - aqt.main - INFO - installer 8782916672 Finished installation
2026-01-03 12:03:09,004 - aqt.main - INFO - installer 8782916672 Time elapsed: 44.71016983 second
2026-01-03 12:03:22,389 - aqt.main - INFO - installer 8782916672 aqtinstall(aqt) v3.3.0 on Python 3.14.2 [CPython Clang 17.0.0 (clang-1700.4.4.1)]
2026-01-03 12:03:22,390 - aqt.main - INFO - installer 8782916672 Found installed windows-desktop Qt at /Users/pedro/Qt6/6.7.2/msvc2019_64
2026-01-03 12:03:22,390 - aqt.helper - DEBUG - helper 8782916672 Attempt to download checksum at https://download.qt.io/online/qtsdkrepository/windows_x86/desktop/qt6_672/Updates.xml.sha256
2026-01-03 12:03:23,221 - aqt.main - ERROR - installer 8782916672 The packages ['qt_base'] were not found while parsing XML of package information!
==============================Suggested follow-up:==============================
* Please use 'aqt list-qt windows desktop --arch 6.7.2' to show architectures available.
2026-01-03 12:07:35,742 - aqt.main - INFO - installer 8782916672 aqtinstall(aqt) v3.3.0 on Python 3.14.2 [CPython Clang 17.0.0 (clang-1700.4.4.1)]
2026-01-03 12:07:35,742 - aqt.helper - DEBUG - helper 8782916672 Attempt to download checksum at https://download.qt.io/online/qtsdkrepository/windows_x86/desktop/qt6_663/Updates.xml.sha256
2026-01-03 12:07:36,997 - aqt.helper - DEBUG - helper 8782916672 Attempt to download checksum at https://download.qt.io/online/qtsdkrepository/windows_x86/desktop/qt6_663/qt.qt6.663.win64_msvc2019_64/6.6.3-0-202403191840qtbase-Windows-Windows_10_22H2-MSVC2019-Windows-Windows_10_22H2-X86_64.7z.sha256
2026-01-03 12:07:36,997 - aqt.helper - DEBUG - helper 8782916672 Attempt to download checksum at https://download.qt.io/online/qtsdkrepository/windows_x86/desktop/qt6_663/qt.qt6.663.win64_msvc2019_64/6.6.3-0-202403191840qtsvg-Windows-Windows_10_22H2-MSVC2019-Windows-Windows_10_22H2-X86_64.7z.sha256
2026-01-03 12:07:36,998 - aqt.helper - DEBUG - helper 8782916672 Attempt to download checksum at https://download.qt.io/online/qtsdkrepository/windows_x86/desktop/qt6_663/qt.qt6.663.win64_msvc2019_64/6.6.3-0-202403191840qttools-Windows-Windows_10_22H2-MSVC2019-Windows-Windows_10_22H2-X86_64.7z.sha256
2026-01-03 12:07:36,998 - aqt.helper - DEBUG - helper 8782916672 Attempt to download checksum at https://download.qt.io/online/qtsdkrepository/windows_x86/desktop/qt6_663/qt.qt6.663.win64_msvc2019_64/6.6.3-0-202403191840qtdeclarative-Windows-Windows_10_22H2-MSVC2019-Windows-Windows_10_22H2-X86_64.7z.sha256
2026-01-03 12:07:37,370 - aqt.helper - INFO - helper 8782916672 Downloading qtsvg...
2026-01-03 12:07:37,371 - aqt.helper - INFO - helper 8782916672 Downloading qttools...
2026-01-03 12:07:37,371 - aqt.helper - INFO - helper 8782916672 Downloading qtdeclarative...
2026-01-03 12:07:37,372 - aqt.helper - INFO - helper 8782916672 Downloading qtbase...
2026-01-03 12:07:37,371 - aqt.installer - DEBUG - installer 8782916672 Download URL: https://download.qt.io/online/qtsdkrepository/windows_x86/desktop/qt6_663/qt.qt6.663.win64_msvc2019_64/6.6.3-0-202403191840qtsvg-Windows-Windows_10_22H2-MSVC2019-Windows-Windows_10_22H2-X86_64.7z
2026-01-03 12:07:37,371 - aqt.installer - DEBUG - installer 8782916672 Download URL: https://download.qt.io/online/qtsdkrepository/windows_x86/desktop/qt6_663/qt.qt6.663.win64_msvc2019_64/6.6.3-0-202403191840qttools-Windows-Windows_10_22H2-MSVC2019-Windows-Windows_10_22H2-X86_64.7z
2026-01-03 12:07:37,372 - aqt.installer - DEBUG - installer 8782916672 Download URL: https://download.qt.io/online/qtsdkrepository/windows_x86/desktop/qt6_663/qt.qt6.663.win64_msvc2019_64/6.6.3-0-202403191840qtdeclarative-Windows-Windows_10_22H2-MSVC2019-Windows-Windows_10_22H2-X86_64.7z
2026-01-03 12:07:37,372 - aqt.installer - DEBUG - installer 8782916672 Download URL: https://download.qt.io/online/qtsdkrepository/windows_x86/desktop/qt6_663/qt.qt6.663.win64_msvc2019_64/6.6.3-0-202403191840qtbase-Windows-Windows_10_22H2-MSVC2019-Windows-Windows_10_22H2-X86_64.7z
2026-01-03 12:07:37,739 - aqt.helper - DEBUG - helper 8782916672 Asked to redirect(302) to: https://mirrors.20i.com/pub/qt.io/online/qtsdkrepository/windows_x86/desktop/qt6_663/qt.qt6.663.win64_msvc2019_64/6.6.3-0-202403191840qttools-Windows-Windows_10_22H2-MSVC2019-Windows-Windows_10_22H2-X86_64.7z
2026-01-03 12:07:37,741 - aqt.helper - INFO - helper 8782916672 Redirected: mirrors.20i.com
2026-01-03 12:07:37,741 - aqt.helper - DEBUG - helper 8782916672 Asked to redirect(302) to: https://mirrors.20i.com/pub/qt.io/online/qtsdkrepository/windows_x86/desktop/qt6_663/qt.qt6.663.win64_msvc2019_64/6.6.3-0-202403191840qtbase-Windows-Windows_10_22H2-MSVC2019-Windows-Windows_10_22H2-X86_64.7z
2026-01-03 12:07:37,741 - aqt.helper - DEBUG - helper 8782916672 Asked to redirect(302) to: https://mirrors.20i.com/pub/qt.io/online/qtsdkrepository/windows_x86/desktop/qt6_663/qt.qt6.663.win64_msvc2019_64/6.6.3-0-202403191840qtdeclarative-Windows-Windows_10_22H2-MSVC2019-Windows-Windows_10_22H2-X86_64.7z
2026-01-03 12:07:37,741 - aqt.helper - INFO - helper 8782916672 Redirected: mirrors.20i.com
2026-01-03 12:07:37,741 - aqt.helper - INFO - helper 8782916672 Redirected: mirrors.20i.com
2026-01-03 12:07:37,745 - aqt.helper - DEBUG - helper 8782916672 Asked to redirect(302) to: https://mirrors.20i.com/pub/qt.io/online/qtsdkrepository/windows_x86/desktop/qt6_663/qt.qt6.663.win64_msvc2019_64/6.6.3-0-202403191840qtsvg-Windows-Windows_10_22H2-MSVC2019-Windows-Windows_10_22H2-X86_64.7z
2026-01-03 12:07:37,745 - aqt.helper - INFO - helper 8782916672 Redirected: mirrors.20i.com
2026-01-03 12:07:38,695 - aqt.installer - INFO - installer 8782916672 Finished installation of qtsvg-Windows-Windows_10_22H2-MSVC2019-Windows-Windows_10_22H2-X86_64.7z in 1.69877025
2026-01-03 12:07:38,702 - aqt.helper - DEBUG - helper 8782916672 Attempt to download checksum at https://download.qt.io/online/qtsdkrepository/windows_x86/desktop/qt6_663/qt.qt6.663.win64_msvc2019_64/6.6.3-0-202403191840qttranslations-Windows-Windows_10_22H2-MSVC2019-Windows-Windows_10_22H2-X86_64.7z.sha256
2026-01-03 12:07:40,056 - aqt.helper - INFO - helper 8782916672 Downloading qttranslations...
2026-01-03 12:07:40,056 - aqt.installer - DEBUG - installer 8782916672 Download URL: https://download.qt.io/online/qtsdkrepository/windows_x86/desktop/qt6_663/qt.qt6.663.win64_msvc2019_64/6.6.3-0-202403191840qttranslations-Windows-Windows_10_22H2-MSVC2019-Windows-Windows_10_22H2-X86_64.7z
2026-01-03 12:07:41,416 - aqt.helper - DEBUG - helper 8782916672 Asked to redirect(302) to: https://mirrors.20i.com/pub/qt.io/online/qtsdkrepository/windows_x86/desktop/qt6_663/qt.qt6.663.win64_msvc2019_64/6.6.3-0-202403191840qttranslations-Windows-Windows_10_22H2-MSVC2019-Windows-Windows_10_22H2-X86_64.7z
2026-01-03 12:07:41,416 - aqt.helper - INFO - helper 8782916672 Redirected: mirrors.20i.com
2026-01-03 12:07:42,653 - aqt.installer - INFO - installer 8782916672 Finished installation of qttranslations-Windows-Windows_10_22H2-MSVC2019-Windows-Windows_10_22H2-X86_64.7z in 3.95238925
2026-01-03 12:07:42,660 - aqt.helper - DEBUG - helper 8782916672 Attempt to download checksum at https://download.qt.io/online/qtsdkrepository/windows_x86/desktop/qt6_663/qt.qt6.663.win64_msvc2019_64/6.6.3-0-202403191840d3dcompiler_47-x64.7z.sha256
2026-01-03 12:07:43,015 - aqt.helper - INFO - helper 8782916672 Downloading d3dcompiler_47...
2026-01-03 12:07:43,015 - aqt.installer - DEBUG - installer 8782916672 Download URL: https://download.qt.io/online/qtsdkrepository/windows_x86/desktop/qt6_663/qt.qt6.663.win64_msvc2019_64/6.6.3-0-202403191840d3dcompiler_47-x64.7z
2026-01-03 12:07:43,898 - aqt.helper - DEBUG - helper 8782916672 Asked to redirect(302) to: https://mirrors.20i.com/pub/qt.io/online/qtsdkrepository/windows_x86/desktop/qt6_663/qt.qt6.663.win64_msvc2019_64/6.6.3-0-202403191840d3dcompiler_47-x64.7z
2026-01-03 12:07:43,899 - aqt.helper - INFO - helper 8782916672 Redirected: mirrors.20i.com
2026-01-03 12:07:44,783 - aqt.installer - INFO - installer 8782916672 Finished installation of d3dcompiler_47-x64.7z in 2.12365554
2026-01-03 12:07:44,791 - aqt.helper - DEBUG - helper 8782916672 Attempt to download checksum at https://download.qt.io/online/qtsdkrepository/windows_x86/desktop/qt6_663/qt.qt6.663.win64_msvc2019_64/6.6.3-0-202403191840opengl32sw-64-mesa_11_2_2-signed_sha256.7z.sha256
2026-01-03 12:07:46,142 - aqt.helper - INFO - helper 8782916672 Downloading opengl32sw...
2026-01-03 12:07:46,142 - aqt.installer - DEBUG - installer 8782916672 Download URL: https://download.qt.io/online/qtsdkrepository/windows_x86/desktop/qt6_663/qt.qt6.663.win64_msvc2019_64/6.6.3-0-202403191840opengl32sw-64-mesa_11_2_2-signed_sha256.7z
2026-01-03 12:07:47,763 - aqt.helper - DEBUG - helper 8782916672 Asked to redirect(302) to: https://mirrors.20i.com/pub/qt.io/online/qtsdkrepository/windows_x86/desktop/qt6_663/qt.qt6.663.win64_msvc2019_64/6.6.3-0-202403191840opengl32sw-64-mesa_11_2_2-signed_sha256.7z
2026-01-03 12:07:47,764 - aqt.helper - INFO - helper 8782916672 Redirected: mirrors.20i.com
2026-01-03 12:07:47,900 - aqt.installer - INFO - installer 8782916672 Finished installation of qttools-Windows-Windows_10_22H2-MSVC2019-Windows-Windows_10_22H2-X86_64.7z in 10.90324733
2026-01-03 12:07:49,614 - aqt.installer - INFO - installer 8782916672 Finished installation of opengl32sw-64-mesa_11_2_2-signed_sha256.7z in 4.82416142
2026-01-03 12:08:01,206 - aqt.installer - INFO - installer 8782916672 Finished installation of qtbase-Windows-Windows_10_22H2-MSVC2019-Windows-Windows_10_22H2-X86_64.7z in 24.20985667
2026-01-03 12:08:28,561 - aqt.installer - INFO - installer 8782916672 Finished installation of qtdeclarative-Windows-Windows_10_22H2-MSVC2019-Windows-Windows_10_22H2-X86_64.7z in 51.56462058
2026-01-03 12:08:28,669 - aqt.updater - INFO - updater 8782916672 Patching /Users/pedro/Qt6/6.6.3/msvc2019_64/lib/Qt6QuickControls2Imagine.prl
2026-01-03 12:08:28,669 - aqt.updater - INFO - updater 8782916672 Patching /Users/pedro/Qt6/6.6.3/msvc2019_64/lib/Qt6FbSupportd.prl
2026-01-03 12:08:28,669 - aqt.updater - INFO - updater 8782916672 Patching /Users/pedro/Qt6/6.6.3/msvc2019_64/lib/Qt6Cored.prl
2026-01-03 12:08:28,670 - aqt.updater - INFO - updater 8782916672 Patching /Users/pedro/Qt6/6.6.3/msvc2019_64/lib/Qt6Xml.prl
2026-01-03 12:08:28,670 - aqt.updater - INFO - updater 8782916672 Patching /Users/pedro/Qt6/6.6.3/msvc2019_64/lib/Qt6Guid.prl
2026-01-03 12:08:28,670 - aqt.updater - INFO - updater 8782916672 Patching /Users/pedro/Qt6/6.6.3/msvc2019_64/lib/Qt6DesignerComponents.prl
2026-01-03 12:08:28,670 - aqt.updater - INFO - updater 8782916672 Patching /Users/pedro/Qt6/6.6.3/msvc2019_64/lib/Qt6QuickTestUtilsd.prl
2026-01-03 12:08:28,671 - aqt.updater - INFO - updater 8782916672 Patching /Users/pedro/Qt6/6.6.3/msvc2019_64/lib/Qt6Quick.prl
2026-01-03 12:08:28,671 - aqt.updater - INFO - updater 8782916672 Patching /Users/pedro/Qt6/6.6.3/msvc2019_64/lib/Qt6PrintSupport.prl
2026-01-03 12:08:28,671 - aqt.updater - INFO - updater 8782916672 Patching /Users/pedro/Qt6/6.6.3/msvc2019_64/lib/Qt6LabsSharedImaged.prl
2026-01-03 12:08:28,671 - aqt.updater - INFO - updater 8782916672 Patching /Users/pedro/Qt6/6.6.3/msvc2019_64/lib/Qt6QmlToolingSettingsd.prl
2026-01-03 12:08:28,671 - aqt.updater - INFO - updater 8782916672 Patching /Users/pedro/Qt6/6.6.3/msvc2019_64/lib/Qt6Widgetsd.prl
2026-01-03 12:08:28,672 - aqt.updater - INFO - updater 8782916672 Patching /Users/pedro/Qt6/6.6.3/msvc2019_64/lib/Qt6QuickControls2Basic.prl
2026-01-03 12:08:28,672 - aqt.updater - INFO - updater 8782916672 Patching /Users/pedro/Qt6/6.6.3/msvc2019_64/lib/Qt6LabsWavefrontMesh.prl
2026-01-03 12:08:28,672 - aqt.updater - INFO - updater 8782916672 Patching /Users/pedro/Qt6/6.6.3/msvc2019_64/lib/Qt6QuickDialogs2d.prl
2026-01-03 12:08:28,672 - aqt.updater - INFO - updater 8782916672 Patching /Users/pedro/Qt6/6.6.3/msvc2019_64/lib/Qt6LabsSettings.prl
2026-01-03 12:08:28,672 - aqt.updater - INFO - updater 8782916672 Patching /Users/pedro/Qt6/6.6.3/msvc2019_64/lib/Qt6Gui.prl
2026-01-03 12:08:28,672 - aqt.updater - INFO - updater 8782916672 Patching /Users/pedro/Qt6/6.6.3/msvc2019_64/lib/Qt6Concurrent.prl
2026-01-03 12:08:28,673 - aqt.updater - INFO - updater 8782916672 Patching /Users/pedro/Qt6/6.6.3/msvc2019_64/lib/Qt6PacketProtocol.prl
2026-01-03 12:08:28,673 - aqt.updater - INFO - updater 8782916672 Patching /Users/pedro/Qt6/6.6.3/msvc2019_64/lib/Qt6QuickControls2FusionStyleImpld.prl
2026-01-03 12:08:28,673 - aqt.updater - INFO - updater 8782916672 Patching /Users/pedro/Qt6/6.6.3/msvc2019_64/lib/Qt6QmlToolingSettings.prl
2026-01-03 12:08:28,674 - aqt.updater - INFO - updater 8782916672 Patching /Users/pedro/Qt6/6.6.3/msvc2019_64/lib/Qt6QuickWidgets.prl
2026-01-03 12:08:28,674 - aqt.updater - INFO - updater 8782916672 Patching /Users/pedro/Qt6/6.6.3/msvc2019_64/lib/Qt6QmlModelsd.prl
2026-01-03 12:08:28,674 - aqt.updater - INFO - updater 8782916672 Patching /Users/pedro/Qt6/6.6.3/msvc2019_64/lib/Qt6Xmld.prl
2026-01-03 12:08:28,674 - aqt.updater - INFO - updater 8782916672 Patching /Users/pedro/Qt6/6.6.3/msvc2019_64/lib/Qt6QuickControls2Impl.prl
2026-01-03 12:08:28,674 - aqt.updater - INFO - updater 8782916672 Patching /Users/pedro/Qt6/6.6.3/msvc2019_64/lib/Qt6QmlWorkerScript.prl
2026-01-03 12:08:28,675 - aqt.updater - INFO - updater 8782916672 Patching /Users/pedro/Qt6/6.6.3/msvc2019_64/lib/Qt6Sql.prl
2026-01-03 12:08:28,675 - aqt.updater - INFO - updater 8782916672 Patching /Users/pedro/Qt6/6.6.3/msvc2019_64/lib/Qt6Designerd.prl
2026-01-03 12:08:28,675 - aqt.updater - INFO - updater 8782916672 Patching /Users/pedro/Qt6/6.6.3/msvc2019_64/lib/Qt6QuickControlsTestUtilsd.prl
2026-01-03 12:08:28,675 - aqt.updater - INFO - updater 8782916672 Patching /Users/pedro/Qt6/6.6.3/msvc2019_64/lib/Qt6QuickControls2Fusiond.prl
2026-01-03 12:08:28,675 - aqt.updater - INFO - updater 8782916672 Patching /Users/pedro/Qt6/6.6.3/msvc2019_64/lib/Qt6QuickControls2Materiald.prl
2026-01-03 12:08:28,675 - aqt.updater - INFO - updater 8782916672 Patching /Users/pedro/Qt6/6.6.3/msvc2019_64/lib/Qt6QuickControls2FusionStyleImpl.prl
2026-01-03 12:08:28,675 - aqt.updater - INFO - updater 8782916672 Patching /Users/pedro/Qt6/6.6.3/msvc2019_64/lib/Qt6Helpd.prl
2026-01-03 12:08:28,676 - aqt.updater - INFO - updater 8782916672 Patching /Users/pedro/Qt6/6.6.3/msvc2019_64/lib/Qt6QmlTypeRegistrard.prl
2026-01-03 12:08:28,676 - aqt.updater - INFO - updater 8782916672 Patching /Users/pedro/Qt6/6.6.3/msvc2019_64/lib/Qt6QuickParticles.prl
2026-01-03 12:08:28,676 - aqt.updater - INFO - updater 8782916672 Patching /Users/pedro/Qt6/6.6.3/msvc2019_64/lib/Qt6LabsFolderListModeld.prl
2026-01-03 12:08:28,676 - aqt.updater - INFO - updater 8782916672 Patching /Users/pedro/Qt6/6.6.3/msvc2019_64/lib/Qt6QuickControls2.prl
2026-01-03 12:08:28,676 - aqt.updater - INFO - updater 8782916672 Patching /Users/pedro/Qt6/6.6.3/msvc2019_64/lib/Qt6QmlDom.prl
2026-01-03 12:08:28,677 - aqt.updater - INFO - updater 8782916672 Patching /Users/pedro/Qt6/6.6.3/msvc2019_64/lib/Qt6QuickControls2UniversalStyleImpld.prl
2026-01-03 12:08:28,677 - aqt.updater - INFO - updater 8782916672 Patching /Users/pedro/Qt6/6.6.3/msvc2019_64/lib/Qt6QuickControls2ImagineStyleImpl.prl
2026-01-03 12:08:28,677 - aqt.updater - INFO - updater 8782916672 Patching /Users/pedro/Qt6/6.6.3/msvc2019_64/lib/Qt6Quickd.prl
2026-01-03 12:08:28,677 - aqt.updater - INFO - updater 8782916672 Patching /Users/pedro/Qt6/6.6.3/msvc2019_64/lib/Qt6QuickDialogs2QuickImpld.prl
2026-01-03 12:08:28,677 - aqt.updater - INFO - updater 8782916672 Patching /Users/pedro/Qt6/6.6.3/msvc2019_64/lib/Qt6QuickTestd.prl
2026-01-03 12:08:28,677 - aqt.updater - INFO - updater 8782916672 Patching /Users/pedro/Qt6/6.6.3/msvc2019_64/lib/Qt6QmlCore.prl
2026-01-03 12:08:28,678 - aqt.updater - INFO - updater 8782916672 Patching /Users/pedro/Qt6/6.6.3/msvc2019_64/lib/Qt6Networkd.prl
2026-01-03 12:08:28,678 - aqt.updater - INFO - updater 8782916672 Patching /Users/pedro/Qt6/6.6.3/msvc2019_64/lib/Qt6QuickDialogs2QuickImpl.prl
2026-01-03 12:08:28,678 - aqt.updater - INFO - updater 8782916672 Patching /Users/pedro/Qt6/6.6.3/msvc2019_64/lib/Qt6PacketProtocold.prl
2026-01-03 12:08:28,678 - aqt.updater - INFO - updater 8782916672 Patching /Users/pedro/Qt6/6.6.3/msvc2019_64/lib/Qt6Widgets.prl
2026-01-03 12:08:28,678 - aqt.updater - INFO - updater 8782916672 Patching /Users/pedro/Qt6/6.6.3/msvc2019_64/lib/Qt6QmlWorkerScriptd.prl
2026-01-03 12:08:28,678 - aqt.updater - INFO - updater 8782916672 Patching /Users/pedro/Qt6/6.6.3/msvc2019_64/lib/Qt6OpenGLWidgets.prl
2026-01-03 12:08:28,678 - aqt.updater - INFO - updater 8782916672 Patching /Users/pedro/Qt6/6.6.3/msvc2019_64/lib/Qt6QuickDialogs2Utilsd.prl
2026-01-03 12:08:28,678 - aqt.updater - INFO - updater 8782916672 Patching /Users/pedro/Qt6/6.6.3/msvc2019_64/lib/Qt6QuickControls2Universald.prl
2026-01-03 12:08:28,679 - aqt.updater - INFO - updater 8782916672 Patching /Users/pedro/Qt6/6.6.3/msvc2019_64/lib/Qt6QmlLocalStorage.prl
2026-01-03 12:08:28,679 - aqt.updater - INFO - updater 8782916672 Patching /Users/pedro/Qt6/6.6.3/msvc2019_64/lib/Qt6QuickTemplates2d.prl
2026-01-03 12:08:28,679 - aqt.updater - INFO - updater 8782916672 Patching /Users/pedro/Qt6/6.6.3/msvc2019_64/lib/Qt6QmlLS.prl
2026-01-03 12:08:28,679 - aqt.updater - INFO - updater 8782916672 Patching /Users/pedro/Qt6/6.6.3/msvc2019_64/lib/Qt6QuickControls2Material.prl
2026-01-03 12:08:28,680 - aqt.updater - INFO - updater 8782916672 Patching /Users/pedro/Qt6/6.6.3/msvc2019_64/lib/Qt6LabsSharedImage.prl
2026-01-03 12:08:28,680 - aqt.updater - INFO - updater 8782916672 Patching /Users/pedro/Qt6/6.6.3/msvc2019_64/lib/Qt6QuickControls2Imagined.prl
2026-01-03 12:08:28,680 - aqt.updater - INFO - updater 8782916672 Patching /Users/pedro/Qt6/6.6.3/msvc2019_64/lib/Qt6QuickParticlesd.prl
2026-01-03 12:08:28,680 - aqt.updater - INFO - updater 8782916672 Patching /Users/pedro/Qt6/6.6.3/msvc2019_64/lib/Qt6QuickEffectsd.prl
2026-01-03 12:08:28,680 - aqt.updater - INFO - updater 8782916672 Patching /Users/pedro/Qt6/6.6.3/msvc2019_64/lib/Qt6SvgWidgetsd.prl
2026-01-03 12:08:28,681 - aqt.updater - INFO - updater 8782916672 Patching /Users/pedro/Qt6/6.6.3/msvc2019_64/lib/Qt6QuickTestUtils.prl
2026-01-03 12:08:28,681 - aqt.updater - INFO - updater 8782916672 Patching /Users/pedro/Qt6/6.6.3/msvc2019_64/lib/Qt6QmlDebug.prl
2026-01-03 12:08:28,681 - aqt.updater - INFO - updater 8782916672 Patching /Users/pedro/Qt6/6.6.3/msvc2019_64/lib/Qt6Sqld.prl
2026-01-03 12:08:28,681 - aqt.updater - INFO - updater 8782916672 Patching /Users/pedro/Qt6/6.6.3/msvc2019_64/lib/Qt6EntryPointd.prl
2026-01-03 12:08:28,682 - aqt.updater - INFO - updater 8782916672 Patching /Users/pedro/Qt6/6.6.3/msvc2019_64/lib/Qt6DesignerComponentsd.prl
2026-01-03 12:08:28,682 - aqt.updater - INFO - updater 8782916672 Patching /Users/pedro/Qt6/6.6.3/msvc2019_64/lib/Qt6Help.prl
2026-01-03 12:08:28,682 - aqt.updater - INFO - updater 8782916672 Patching /Users/pedro/Qt6/6.6.3/msvc2019_64/lib/Qt6QuickLayouts.prl
2026-01-03 12:08:28,682 - aqt.updater - INFO - updater 8782916672 Patching /Users/pedro/Qt6/6.6.3/msvc2019_64/lib/Qt6QuickTemplates2.prl
2026-01-03 12:08:28,682 - aqt.updater - INFO - updater 8782916672 Patching /Users/pedro/Qt6/6.6.3/msvc2019_64/lib/Qt6QuickControls2Basicd.prl
2026-01-03 12:08:28,683 - aqt.updater - INFO - updater 8782916672 Patching /Users/pedro/Qt6/6.6.3/msvc2019_64/lib/Qt6DBusd.prl
2026-01-03 12:08:28,683 - aqt.updater - INFO - updater 8782916672 Patching /Users/pedro/Qt6/6.6.3/msvc2019_64/lib/Qt6QuickControls2UniversalStyleImpl.prl
2026-01-03 12:08:28,683 - aqt.updater - INFO - updater 8782916672 Patching /Users/pedro/Qt6/6.6.3/msvc2019_64/lib/Qt6QmlTypeRegistrar.prl
2026-01-03 12:08:28,684 - aqt.updater - INFO - updater 8782916672 Patching /Users/pedro/Qt6/6.6.3/msvc2019_64/lib/Qt6QmlCored.prl
2026-01-03 12:08:28,684 - aqt.updater - INFO - updater 8782916672 Patching /Users/pedro/Qt6/6.6.3/msvc2019_64/lib/Qt6Svgd.prl
2026-01-03 12:08:28,684 - aqt.updater - INFO - updater 8782916672 Patching /Users/pedro/Qt6/6.6.3/msvc2019_64/lib/Qt6Svg.prl
2026-01-03 12:08:28,684 - aqt.updater - INFO - updater 8782916672 Patching /Users/pedro/Qt6/6.6.3/msvc2019_64/lib/Qt6UiTools.prl
2026-01-03 12:08:28,684 - aqt.updater - INFO - updater 8782916672 Patching /Users/pedro/Qt6/6.6.3/msvc2019_64/lib/Qt6QuickControls2BasicStyleImpl.prl
2026-01-03 12:08:28,685 - aqt.updater - INFO - updater 8782916672 Patching /Users/pedro/Qt6/6.6.3/msvc2019_64/lib/Qt6QmlXmlListModel.prl
2026-01-03 12:08:28,685 - aqt.updater - INFO - updater 8782916672 Patching /Users/pedro/Qt6/6.6.3/msvc2019_64/lib/Qt6Test.prl
2026-01-03 12:08:28,685 - aqt.updater - INFO - updater 8782916672 Patching /Users/pedro/Qt6/6.6.3/msvc2019_64/lib/Qt6ExampleIconsd.prl
2026-01-03 12:08:28,685 - aqt.updater - INFO - updater 8782916672 Patching /Users/pedro/Qt6/6.6.3/msvc2019_64/lib/Qt6QmlDebugd.prl
2026-01-03 12:08:28,685 - aqt.updater - INFO - updater 8782916672 Patching /Users/pedro/Qt6/6.6.3/msvc2019_64/lib/Qt6EntryPoint.prl
2026-01-03 12:08:28,685 - aqt.updater - INFO - updater 8782916672 Patching /Users/pedro/Qt6/6.6.3/msvc2019_64/lib/Qt6QmlCompiler.prl
2026-01-03 12:08:28,686 - aqt.updater - INFO - updater 8782916672 Patching /Users/pedro/Qt6/6.6.3/msvc2019_64/lib/Qt6UiToolsd.prl
2026-01-03 12:08:28,686 - aqt.updater - INFO - updater 8782916672 Patching /Users/pedro/Qt6/6.6.3/msvc2019_64/lib/Qt6QmlCompilerd.prl
2026-01-03 12:08:28,686 - aqt.updater - INFO - updater 8782916672 Patching /Users/pedro/Qt6/6.6.3/msvc2019_64/lib/Qt6Qml.prl
2026-01-03 12:08:28,686 - aqt.updater - INFO - updater 8782916672 Patching /Users/pedro/Qt6/6.6.3/msvc2019_64/lib/Qt6QuickShapesd.prl
2026-01-03 12:08:28,687 - aqt.updater - INFO - updater 8782916672 Patching /Users/pedro/Qt6/6.6.3/msvc2019_64/lib/Qt6PrintSupportd.prl
2026-01-03 12:08:28,687 - aqt.updater - INFO - updater 8782916672 Patching /Users/pedro/Qt6/6.6.3/msvc2019_64/lib/Qt6SvgWidgets.prl
2026-01-03 12:08:28,687 - aqt.updater - INFO - updater 8782916672 Patching /Users/pedro/Qt6/6.6.3/msvc2019_64/lib/Qt6QuickControls2Fusion.prl
2026-01-03 12:08:28,687 - aqt.updater - INFO - updater 8782916672 Patching /Users/pedro/Qt6/6.6.3/msvc2019_64/lib/Qt6QuickControls2Impld.prl
2026-01-03 12:08:28,687 - aqt.updater - INFO - updater 8782916672 Patching /Users/pedro/Qt6/6.6.3/msvc2019_64/lib/Qt6QuickControls2BasicStyleImpld.prl
2026-01-03 12:08:28,687 - aqt.updater - INFO - updater 8782916672 Patching /Users/pedro/Qt6/6.6.3/msvc2019_64/lib/Qt6LabsAnimation.prl
2026-01-03 12:08:28,688 - aqt.updater - INFO - updater 8782916672 Patching /Users/pedro/Qt6/6.6.3/msvc2019_64/lib/Qt6Network.prl
2026-01-03 12:08:28,688 - aqt.updater - INFO - updater 8782916672 Patching /Users/pedro/Qt6/6.6.3/msvc2019_64/lib/Qt6OpenGLWidgetsd.prl
2026-01-03 12:08:28,688 - aqt.updater - INFO - updater 8782916672 Patching /Users/pedro/Qt6/6.6.3/msvc2019_64/lib/Qt6LabsWavefrontMeshd.prl
2026-01-03 12:08:28,688 - aqt.updater - INFO - updater 8782916672 Patching /Users/pedro/Qt6/6.6.3/msvc2019_64/lib/Qt6Qmld.prl
2026-01-03 12:08:28,689 - aqt.updater - INFO - updater 8782916672 Patching /Users/pedro/Qt6/6.6.3/msvc2019_64/lib/Qt6QuickDialogs2Utils.prl
2026-01-03 12:08:28,689 - aqt.updater - INFO - updater 8782916672 Patching /Users/pedro/Qt6/6.6.3/msvc2019_64/lib/Qt6QuickControlsTestUtils.prl
2026-01-03 12:08:28,689 - aqt.updater - INFO - updater 8782916672 Patching /Users/pedro/Qt6/6.6.3/msvc2019_64/lib/Qt6FbSupport.prl
2026-01-03 12:08:28,689 - aqt.updater - INFO - updater 8782916672 Patching /Users/pedro/Qt6/6.6.3/msvc2019_64/lib/Qt6QuickControls2MaterialStyleImpld.prl
2026-01-03 12:08:28,689 - aqt.updater - INFO - updater 8782916672 Patching /Users/pedro/Qt6/6.6.3/msvc2019_64/lib/Qt6DeviceDiscoverySupport.prl
2026-01-03 12:08:28,689 - aqt.updater - INFO - updater 8782916672 Patching /Users/pedro/Qt6/6.6.3/msvc2019_64/lib/Qt6Concurrentd.prl
2026-01-03 12:08:28,689 - aqt.updater - INFO - updater 8782916672 Patching /Users/pedro/Qt6/6.6.3/msvc2019_64/lib/Qt6QuickLayoutsd.prl
2026-01-03 12:08:28,690 - aqt.updater - INFO - updater 8782916672 Patching /Users/pedro/Qt6/6.6.3/msvc2019_64/lib/Qt6OpenGLd.prl
2026-01-03 12:08:28,690 - aqt.updater - INFO - updater 8782916672 Patching /Users/pedro/Qt6/6.6.3/msvc2019_64/lib/Qt6Designer.prl
2026-01-03 12:08:28,690 - aqt.updater - INFO - updater 8782916672 Patching /Users/pedro/Qt6/6.6.3/msvc2019_64/lib/Qt6QmlModels.prl
2026-01-03 12:08:28,691 - aqt.updater - INFO - updater 8782916672 Patching /Users/pedro/Qt6/6.6.3/msvc2019_64/lib/Qt6QuickWidgetsd.prl
2026-01-03 12:08:28,691 - aqt.updater - INFO - updater 8782916672 Patching /Users/pedro/Qt6/6.6.3/msvc2019_64/lib/Qt6LabsFolderListModel.prl
2026-01-03 12:08:28,691 - aqt.updater - INFO - updater 8782916672 Patching /Users/pedro/Qt6/6.6.3/msvc2019_64/lib/Qt6LabsQmlModelsd.prl
2026-01-03 12:08:28,691 - aqt.updater - INFO - updater 8782916672 Patching /Users/pedro/Qt6/6.6.3/msvc2019_64/lib/Qt6LabsQmlModels.prl
2026-01-03 12:08:28,691 - aqt.updater - INFO - updater 8782916672 Patching /Users/pedro/Qt6/6.6.3/msvc2019_64/lib/Qt6QmlLocalStoraged.prl
2026-01-03 12:08:28,692 - aqt.updater - INFO - updater 8782916672 Patching /Users/pedro/Qt6/6.6.3/msvc2019_64/lib/Qt6QuickControls2d.prl
2026-01-03 12:08:28,692 - aqt.updater - INFO - updater 8782916672 Patching /Users/pedro/Qt6/6.6.3/msvc2019_64/lib/Qt6QuickControls2ImagineStyleImpld.prl
2026-01-03 12:08:28,692 - aqt.updater - INFO - updater 8782916672 Patching /Users/pedro/Qt6/6.6.3/msvc2019_64/lib/Qt6QmlXmlListModeld.prl
2026-01-03 12:08:28,692 - aqt.updater - INFO - updater 8782916672 Patching /Users/pedro/Qt6/6.6.3/msvc2019_64/lib/Qt6QmlDomd.prl
2026-01-03 12:08:28,692 - aqt.updater - INFO - updater 8782916672 Patching /Users/pedro/Qt6/6.6.3/msvc2019_64/lib/Qt6QuickControls2MaterialStyleImpl.prl
2026-01-03 12:08:28,692 - aqt.updater - INFO - updater 8782916672 Patching /Users/pedro/Qt6/6.6.3/msvc2019_64/lib/Qt6LabsSettingsd.prl
2026-01-03 12:08:28,693 - aqt.updater - INFO - updater 8782916672 Patching /Users/pedro/Qt6/6.6.3/msvc2019_64/lib/Qt6DeviceDiscoverySupportd.prl
2026-01-03 12:08:28,693 - aqt.updater - INFO - updater 8782916672 Patching /Users/pedro/Qt6/6.6.3/msvc2019_64/lib/Qt6ExampleIcons.prl
2026-01-03 12:08:28,693 - aqt.updater - INFO - updater 8782916672 Patching /Users/pedro/Qt6/6.6.3/msvc2019_64/lib/Qt6QuickControls2Universal.prl
2026-01-03 12:08:28,693 - aqt.updater - INFO - updater 8782916672 Patching /Users/pedro/Qt6/6.6.3/msvc2019_64/lib/Qt6OpenGL.prl
2026-01-03 12:08:28,693 - aqt.updater - INFO - updater 8782916672 Patching /Users/pedro/Qt6/6.6.3/msvc2019_64/lib/Qt6QuickEffects.prl
2026-01-03 12:08:28,693 - aqt.updater - INFO - updater 8782916672 Patching /Users/pedro/Qt6/6.6.3/msvc2019_64/lib/Qt6QuickTest.prl
2026-01-03 12:08:28,694 - aqt.updater - INFO - updater 8782916672 Patching /Users/pedro/Qt6/6.6.3/msvc2019_64/lib/Qt6QmlLSd.prl
2026-01-03 12:08:28,694 - aqt.updater - INFO - updater 8782916672 Patching /Users/pedro/Qt6/6.6.3/msvc2019_64/lib/Qt6LabsAnimationd.prl
2026-01-03 12:08:28,694 - aqt.updater - INFO - updater 8782916672 Patching /Users/pedro/Qt6/6.6.3/msvc2019_64/lib/Qt6QuickShapes.prl
2026-01-03 12:08:28,694 - aqt.updater - INFO - updater 8782916672 Patching /Users/pedro/Qt6/6.6.3/msvc2019_64/lib/Qt6QuickDialogs2.prl
2026-01-03 12:08:28,694 - aqt.updater - INFO - updater 8782916672 Patching /Users/pedro/Qt6/6.6.3/msvc2019_64/lib/Qt6Core.prl
2026-01-03 12:08:28,695 - aqt.updater - INFO - updater 8782916672 Patching /Users/pedro/Qt6/6.6.3/msvc2019_64/lib/Qt6DBus.prl
2026-01-03 12:08:28,695 - aqt.updater - INFO - updater 8782916672 Patching /Users/pedro/Qt6/6.6.3/msvc2019_64/lib/Qt6Testd.prl
2026-01-03 12:08:28,695 - aqt.main - INFO - installer 8782916672 Finished installation
2026-01-03 12:08:28,695 - aqt.main - INFO - installer 8782916672 Time elapsed: 52.95322704 second
2026-01-03 12:08:35,063 - aqt.main - INFO - installer 8782916672 aqtinstall(aqt) v3.3.0 on Python 3.14.2 [CPython Clang 17.0.0 (clang-1700.4.4.1)]
2026-01-03 12:08:35,064 - aqt.main - INFO - installer 8782916672 Found installed windows-desktop Qt at /Users/pedro/Qt6/6.6.3/msvc2019_64
2026-01-03 12:08:35,064 - aqt.helper - DEBUG - helper 8782916672 Attempt to download checksum at https://download.qt.io/online/qtsdkrepository/windows_x86/desktop/qt6_663/Updates.xml.sha256
2026-01-03 12:08:35,873 - aqt.main - ERROR - installer 8782916672 The packages ['qt_base'] were not found while parsing XML of package information!
==============================Suggested follow-up:==============================
* Please use 'aqt list-qt windows desktop --arch 6.6.3' to show architectures available.
2026-01-03 12:10:09,789 - aqt.helper - DEBUG - helper 8782916672 Attempt to download checksum at https://download.qt.io/online/qtsdkrepository/windows_x86/desktop/qt6_663/Updates.xml.sha256
2026-01-03 12:10:10,610 - aqt.helper - DEBUG - helper 8782916672 Attempt to download checksum at https://download.qt.io/online/qtsdkrepository/windows_x86/desktop/qt6_663_wasm_singlethread/Updates.xml.sha256
2026-01-03 12:10:11,338 - aqt.helper - DEBUG - helper 8782916672 Attempt to download checksum at https://download.qt.io/online/qtsdkrepository/windows_x86/desktop/qt6_663_wasm_multithread/Updates.xml.sha256
